C:\C++\LINCOLN\PROJECTS\BOUNCINGBALL\BOUNCINGBALL\RELEASE\.NETFRAMEWORK,VERSION=V4.0.ASSEMBLYATTRIBUTES.OBJ
C:\C++\LINCOLN\PROJECTS\BOUNCINGBALL\BOUNCINGBALL\RELEASE\APP.RES
C:\C++\LINCOLN\PROJECTS\BOUNCINGBALL\BOUNCINGBALL\RELEASE\ASSEMBLYINFO.OBJ
C:\C++\LINCOLN\PROJECTS\BOUNCINGBALL\BOUNCINGBALL\RELEASE\BOUNCINGBALL.EXE.INTERMEDIATE.MANIFEST
C:\C++\Lincoln\Projects\BouncingBall\BouncingBall\Release\BouncingBall.Form1.resources
C:\C++\LINCOLN\PROJECTS\BOUNCINGBALL\BOUNCINGBALL\RELEASE\BOUNCINGBALL.OBJ
C:\C++\LINCOLN\PROJECTS\BOUNCINGBALL\BOUNCINGBALL\RELEASE\BOUNCINGBALL.PCH
C:\C++\Lincoln\Projects\BouncingBall\BouncingBall\Release\BouncingBall.vcxproj.GenerateResource.Cache
C:\C++\Lincoln\Projects\BouncingBall\BouncingBall\Release\BouncingBall.vcxprojResolveAssemblyReference.cache
C:\C++\Lincoln\Projects\BouncingBall\BouncingBall\Release\BouncingBall.write.1.tlog
C:\C++\Lincoln\Projects\BouncingBall\BouncingBall\Release\cl.command.1.tlog
C:\C++\Lincoln\Projects\BouncingBall\BouncingBall\Release\CL.read.1.tlog
C:\C++\Lincoln\Projects\BouncingBall\BouncingBall\Release\CL.write.1.tlog
C:\C++\Lincoln\Projects\BouncingBall\BouncingBall\Release\link.command.1.tlog
C:\C++\Lincoln\Projects\BouncingBall\BouncingBall\Release\link.read.1.tlog
C:\C++\Lincoln\Projects\BouncingBall\BouncingBall\Release\link.write.1.tlog
C:\C++\Lincoln\Projects\BouncingBall\BouncingBall\Release\link-cvtres.read.1.tlog
C:\C++\Lincoln\Projects\BouncingBall\BouncingBall\Release\link-cvtres.write.1.tlog
C:\C++\Lincoln\Projects\BouncingBall\BouncingBall\Release\mt.command.1.tlog
C:\C++\Lincoln\Projects\BouncingBall\BouncingBall\Release\mt.read.1.tlog
C:\C++\Lincoln\Projects\BouncingBall\BouncingBall\Release\mt.write.1.tlog
C:\C++\Lincoln\Projects\BouncingBall\BouncingBall\Release\rc.command.1.tlog
C:\C++\Lincoln\Projects\BouncingBall\BouncingBall\Release\rc.read.1.tlog
C:\C++\Lincoln\Projects\BouncingBall\BouncingBall\Release\rc.write.1.tlog
C:\C++\LINCOLN\PROJECTS\BOUNCINGBALL\BOUNCINGBALL\RELEASE\STDAFX.OBJ
C:\C++\LINCOLN\PROJECTS\BOUNCINGBALL\BOUNCINGBALL\RELEASE\VC100.PDB
C:\C++\LINCOLN\PROJECTS\BOUNCINGBALL\RELEASE\BOUNCINGBALL.EXE
C:\C++\LINCOLN\PROJECTS\BOUNCINGBALL\RELEASE\BOUNCINGBALL.PDB
