Build started 18/05/2016 20:45:48.
     1>Project "C:\University\Velocity\Velocity\Velocity.vcxproj" on node 2 (build target(s)).
     1>InitializeBuildStatus:
         Creating "Release\Velocity.unsuccessfulbuild" because "AlwaysCreate" was specified.
       ClCompile:
         All outputs are up-to-date.
         C:\Program Files (x86)\Microsoft Visual Studio 10.0\VC\bin\CL.exe /c /Zi /nologo /W3 /WX- /O2 /Oi /Oy- /GL /D WIN32 /D NDEBUG /D _CONSOLE /D _UNICODE /D UNICODE /Gm- /EHsc /MD /GS /Gy /fp:precise /Zc:wchar_t /Zc:forScope /Yu"StdAfx.h" /Fp"Release\Velocity.pch" /Fo"Release\\" /Fd"Release\vc100.pdb" /Gd /TP /analyze- /errorReport:prompt Velocity.cpp
         Velocity.cpp
     1>Velocity.cpp(57): warning C4244: 'argument' : conversion from 'time_t' to 'unsigned int', possible loss of data
       Link:
         C:\Program Files (x86)\Microsoft Visual Studio 10.0\VC\bin\link.exe /ERRORREPORT:PROMPT /OUT:"C:\University\Velocity\Release\Velocity.exe" /INCREMENTAL:NO /NOLOGO kernel32.lib user32.lib gdi32.lib winspool.lib comdlg32.lib advapi32.lib shell32.lib ole32.lib oleaut32.lib uuid.lib odbc32.lib odbccp32.lib /MANIFEST /ManifestFile:"Release\Velocity.exe.intermediate.manifest" /MANIFESTUAC:"level='asInvoker' uiAccess='false'" /DEBUG /PDB:"C:\University\Velocity\Release\Velocity.pdb" /SUBSYSTEM:CONSOLE /OPT:REF /OPT:ICF /LTCG /TLBID:1 /DYNAMICBASE /NXCOMPAT /IMPLIB:"C:\University\Velocity\Release\Velocity.lib" /MACHINE:X86 Release\stdafx.obj
         Release\Velocity.obj
         Generating code
         Finished generating code
         Velocity.vcxproj -> C:\University\Velocity\Release\Velocity.exe
       Manifest:
         C:\Program Files (x86)\Microsoft SDKs\Windows\v7.0A\bin\mt.exe /nologo /verbose /outputresource:"C:\University\Velocity\Release\Velocity.exe;#1" /manifest Release\Velocity.exe.intermediate.manifest
       FinalizeBuildStatus:
         Deleting file "Release\Velocity.unsuccessfulbuild".
         Touching "Release\Velocity.lastbuildstate".
     1>Done Building Project "C:\University\Velocity\Velocity\Velocity.vcxproj" (build target(s)).

Build succeeded.

Time Elapsed 00:00:01.15
