  stdafx.cpp
  AmiAssimpRecursion.cpp
c:\c++\amiassimprecursion\amiassimprecursion\amiassimprecursion\amiassimprecursion.cpp(9): warning C4005: 'GLEW_STATIC': macro redefinition
  c:\c++\amiassimprecursion\amiassimprecursion\amiassimprecursion\amiassimprecursion.cpp(9): note: command-line arguments:  see previous definition of 'GLEW_STATIC'
c:\c++\amiassimprecursion\amiassimprecursion\amiassimprecursion\model.h(126): warning C4244: 'argument': conversion from 'float' to 'const unsigned int', possible loss of data
c:\c++\amiassimprecursion\amiassimprecursion\amiassimprecursion\model.h(127): warning C4244: 'argument': conversion from 'float' to 'const unsigned int', possible loss of data
c:\c++\amiassimprecursion\amiassimprecursion\amiassimprecursion\model.h(128): warning C4244: 'argument': conversion from 'float' to 'const unsigned int', possible loss of data
c:\c++\amiassimprecursion\amiassimprecursion\amiassimprecursion\amiassimprecursion.cpp(95): warning C4244: 'initializing': conversion from 'double' to 'GLfloat', possible loss of data
c:\c++\amiassimprecursion\amiassimprecursion\amiassimprecursion\amiassimprecursion.cpp(170): warning C4244: '=': conversion from 'double' to 'GLfloat', possible loss of data
c:\c++\amiassimprecursion\amiassimprecursion\amiassimprecursion\amiassimprecursion.cpp(171): warning C4244: '=': conversion from 'double' to 'GLfloat', possible loss of data
c:\c++\amiassimprecursion\amiassimprecursion\amiassimprecursion\amiassimprecursion.cpp(177): warning C4244: 'initializing': conversion from 'double' to 'GLfloat', possible loss of data
c:\c++\amiassimprecursion\amiassimprecursion\amiassimprecursion\amiassimprecursion.cpp(178): warning C4244: 'initializing': conversion from 'double' to 'GLfloat', possible loss of data
c:\c++\amiassimprecursion\amiassimprecursion\amiassimprecursion\amiassimprecursion.cpp(180): warning C4244: '=': conversion from 'double' to 'GLfloat', possible loss of data
c:\c++\amiassimprecursion\amiassimprecursion\amiassimprecursion\amiassimprecursion.cpp(181): warning C4244: '=': conversion from 'double' to 'GLfloat', possible loss of data
c:\c++\amiassimprecursion\amiassimprecursion\amiassimprecursion\amiassimprecursion.cpp(188): warning C4244: 'argument': conversion from 'double' to 'GLfloat', possible loss of data
  SOIL.lib(SOIL.obj) : MSIL .netmodule or module compiled with /GL found; restarting link with /LTCG; add /LTCG to the link command line to improve linker performance
LINK : warning LNK4075: ignoring '/INCREMENTAL' due to '/LTCG' specification
AmiAssimpRecursion.obj : warning LNK4075: ignoring '/EDITANDCONTINUE' due to '/OPT:LBR' specification
LINK : warning LNK4098: defaultlib 'MSVCRT' conflicts with use of other libs; use /NODEFAULTLIB:library
LINK : warning LNK4098: defaultlib 'LIBCMT' conflicts with use of other libs; use /NODEFAULTLIB:library
  Generating code
  Finished generating code
glew32s.lib(glew.obj) : warning LNK4099: PDB 'vc120.pdb' was not found with 'glew32s.lib(glew.obj)' or at 'C:\C++\AmiAssimpRecursion\AmiAssimpRecursion\Debug\vc120.pdb'; linking object as if no debug info
  AmiAssimpRecursion.vcxproj -> C:\C++\AmiAssimpRecursion\AmiAssimpRecursion\Debug\AmiAssimpRecursion.exe
