C:\C++\LINCOLN\BOUNCINGBALL\BOUNCINGBALL\DEBUG\.NETFRAMEWORK,VERSION=V4.0.ASSEMBLYATTRIBUTES.OBJ
C:\C++\LINCOLN\BOUNCINGBALL\BOUNCINGBALL\DEBUG\APP.RES
C:\C++\LINCOLN\BOUNCINGBALL\BOUNCINGBALL\DEBUG\ASSEMBLYINFO.OBJ
C:\C++\LINCOLN\BOUNCINGBALL\BOUNCINGBALL\DEBUG\BOUNCINGBALL.EXE.INTERMEDIATE.MANIFEST
C:\C++\LINCOLN\BOUNCINGBALL\BOUNCINGBALL\DEBUG\BOUNCINGBALL.OBJ
C:\C++\LINCOLN\BOUNCINGBALL\BOUNCINGBALL\DEBUG\BOUNCINGBALL.PCH
C:\C++\LINCOLN\BOUNCINGBALL\BOUNCINGBALL\DEBUG\STDAFX.OBJ
C:\C++\LINCOLN\BOUNCINGBALL\BOUNCINGBALL\DEBUG\VC100.PDB
C:\C++\LINCOLN\BOUNCINGBALL\DEBUG\BOUNCINGBALL.EXE
C:\C++\LINCOLN\BOUNCINGBALL\DEBUG\BOUNCINGBALL.ILK
C:\C++\LINCOLN\BOUNCINGBALL\DEBUG\BOUNCINGBALL.PDB
C:\C++\Lincoln\Projects\BouncingBall\BouncingBall\Debug\.NETFramework,Version=v4.0.AssemblyAttributes.obj
C:\C++\Lincoln\Projects\BouncingBall\BouncingBall\Debug\app.res
C:\C++\Lincoln\Projects\BouncingBall\BouncingBall\Debug\AssemblyInfo.obj
C:\C++\Lincoln\Projects\BouncingBall\BouncingBall\Debug\BouncingBall.exe.intermediate.manifest
C:\C++\Lincoln\Projects\BouncingBall\BouncingBall\Debug\BouncingBall.Form1.resources
C:\C++\Lincoln\Projects\BouncingBall\BouncingBall\Debug\BouncingBall.obj
C:\C++\Lincoln\Projects\BouncingBall\BouncingBall\Debug\BouncingBall.pch
C:\C++\Lincoln\Projects\BouncingBall\BouncingBall\Debug\BouncingBall.vcxproj.GenerateResource.Cache
C:\C++\Lincoln\Projects\BouncingBall\BouncingBall\Debug\BouncingBall.vcxprojResolveAssemblyReference.cache
C:\C++\Lincoln\Projects\BouncingBall\BouncingBall\Debug\BouncingBall.write.1.tlog
C:\C++\Lincoln\Projects\BouncingBall\BouncingBall\Debug\cl.command.1.tlog
C:\C++\Lincoln\Projects\BouncingBall\BouncingBall\Debug\CL.read.1.tlog
C:\C++\Lincoln\Projects\BouncingBall\BouncingBall\Debug\CL.write.1.tlog
C:\C++\Lincoln\Projects\BouncingBall\BouncingBall\Debug\link.14848.read.1.tlog
C:\C++\Lincoln\Projects\BouncingBall\BouncingBall\Debug\link.14848.write.1.tlog
C:\C++\Lincoln\Projects\BouncingBall\BouncingBall\Debug\link.14848-cvtres.read.1.tlog
C:\C++\Lincoln\Projects\BouncingBall\BouncingBall\Debug\link.14848-cvtres.write.1.tlog
C:\C++\Lincoln\Projects\BouncingBall\BouncingBall\Debug\link.7716.read.1.tlog
C:\C++\Lincoln\Projects\BouncingBall\BouncingBall\Debug\link.7716.write.1.tlog
C:\C++\Lincoln\Projects\BouncingBall\BouncingBall\Debug\link.7716-cvtres.read.1.tlog
C:\C++\Lincoln\Projects\BouncingBall\BouncingBall\Debug\link.7716-cvtres.write.1.tlog
C:\C++\Lincoln\Projects\BouncingBall\BouncingBall\Debug\link.command.1.tlog
C:\C++\Lincoln\Projects\BouncingBall\BouncingBall\Debug\link.read.1.tlog
C:\C++\Lincoln\Projects\BouncingBall\BouncingBall\Debug\link.write.1.tlog
C:\C++\Lincoln\Projects\BouncingBall\BouncingBall\Debug\mt.command.1.tlog
C:\C++\Lincoln\Projects\BouncingBall\BouncingBall\Debug\mt.read.1.tlog
C:\C++\Lincoln\Projects\BouncingBall\BouncingBall\Debug\mt.write.1.tlog
C:\C++\Lincoln\Projects\BouncingBall\BouncingBall\Debug\rc.command.1.tlog
C:\C++\Lincoln\Projects\BouncingBall\BouncingBall\Debug\rc.read.1.tlog
C:\C++\Lincoln\Projects\BouncingBall\BouncingBall\Debug\rc.write.1.tlog
C:\C++\Lincoln\Projects\BouncingBall\BouncingBall\Debug\stdafx.obj
C:\C++\Lincoln\Projects\BouncingBall\BouncingBall\Debug\vc100.pdb
C:\C++\Lincoln\Projects\BouncingBall\Debug\BouncingBall.exe
C:\C++\Lincoln\Projects\BouncingBall\Debug\BouncingBall.ilk
C:\C++\Lincoln\Projects\BouncingBall\Debug\BouncingBall.pdb
